<?xml version="1.0" encoding="UTF-8"?>
<testsuite xmlns:xsi="http://www.w3.org/2001/XMLSchema-instance" xsi:noNamespaceSchemaLocation="https://maven.apache.org/surefire/maven-surefire-plugin/xsd/surefire-test-report.xsd" version="3.0.2" name="bgu.spl.mics.MessageBusImplTest" time="0.031" tests="4" errors="0" skipped="0" failures="0">
  <properties>
[...]
</properties>
  <testcase name="testSubscribeBroadcast" classname="bgu.spl.mics.MessageBusImplTest" time="0.012">
    <system-out><![CDATA[Registering MicroService: bgu.spl.mics.MessageBusImplTest$1
]]></system-out>
  </testcase>
  <testcase name="testSubscribeEvent" classname="bgu.spl.mics.MessageBusImplTest" time="0.015">
    <system-out><![CDATA[Registering MicroService: bgu.spl.mics.MessageBusImplTest$1
]]></system-out>
  </testcase>
  <testcase name="testSendBroadcast" classname="bgu.spl.mics.MessageBusImplTest" time="0.001">
    <system-out><![CDATA[Registering MicroService: bgu.spl.mics.MessageBusImplTest$1
]]></system-out>
  </testcase>
  <testcase name="testAwaitMessage" classname="bgu.spl.mics.MessageBusImplTest" time="0.001">
    <system-out><![CDATA[Registering MicroService: bgu.spl.mics.MessageBusImplTest$1
]]></system-out>
  </testcase>
</testsuite>